# Log file for simulation started Wed Dec 24 08:01:18 2025
# on host mario by user mario
# data in the columns is: 
#(1) time in ps, (2) total energy , (3) demagnetizing energy, (4) exchange energy
#(5) uniaxial anisotropy energy, (6) Zeeman energy, (7) cubic anisotropy energy (8) surface anisotropy energy, 
#(9) bulk DMI energy (10) maximum torque, (11-13) Mx, My, Mz, (14-16) Hx, Hy, Hz. All energies in J/m3, all fields in T
0.0000	37070.7799	9679.9826	27390.7973	0.0000	-0.0000	0.0000	0.0000	0.0000	8.725e-05	 8.065907381e-05 -0.0002202865636    0.02749663658	0.000000 0.000000 0.000000
50.0000	37162.5460	9766.5144	27396.0316	0.0000	-0.0000	0.0000	0.0000	0.0000	1.630e-02	-0.005402676815   0.05047431306   0.02738351712	0.000000 0.000000 0.000000
100.0000	37384.8561	9983.5889	27401.2672	0.0000	-0.0000	0.0000	0.0000	0.0000	3.217e-02	-0.02531714895  0.09408862398   0.0268167403	0.000000 0.000000 0.000000
150.0000	37744.6160	10357.3035	27387.3125	0.0000	-0.0000	0.0000	0.0000	0.0000	4.447e-02	-0.05314424671   0.1359845875  0.02642488732	0.000000 0.000000 0.000000
200.0000	38196.9044	10791.1532	27405.7512	0.0000	-0.0000	0.0000	0.0000	0.0000	5.904e-02	-0.08683513346   0.1640251672  0.02539968356	0.000000 0.000000 0.000000
250.0000	38708.1463	11324.7609	27383.3853	0.0000	-0.0000	0.0000	0.0000	0.0000	6.955e-02	 -0.126955239  0.1863602785 0.02481116327	0.000000 0.000000 0.000000
300.0000	39248.8175	11862.6534	27386.1641	0.0000	-0.0000	0.0000	0.0000	0.0000	8.014e-02	-0.1674962252  0.1972615596 0.02388954444	0.000000 0.000000 0.000000
350.0000	39771.7566	12398.1571	27373.5995	0.0000	-0.0000	0.0000	0.0000	0.0000	8.884e-02	-0.2088486434  0.1982485987 0.02294952441	0.000000 0.000000 0.000000
400.0000	40252.8729	12909.0375	27343.8354	0.0000	-0.0000	0.0000	0.0000	0.0000	9.557e-02	-0.2475548404  0.1909414181 0.02236682999	0.000000 0.000000 0.000000
450.0000	40662.0968	13347.0422	27315.0546	0.0000	-0.0000	0.0000	0.0000	0.0000	1.033e-01	-0.2815617614  0.1745553724 0.02154975465	0.000000 0.000000 0.000000
500.0000	40980.7737	13723.4607	27257.3130	0.0000	-0.0000	0.0000	0.0000	0.0000	1.073e-01	-0.3106892091  0.1519010443 0.02109912542	0.000000 0.000000 0.000000
550.0000	41200.2631	14000.9437	27199.3195	0.0000	-0.0000	0.0000	0.0000	0.0000	1.107e-01	-0.3325679223  0.1241589562  0.0208100626	0.000000 0.000000 0.000000
600.0000	41312.8816	14166.1847	27146.6969	0.0000	-0.0000	0.0000	0.0000	0.0000	1.131e-01	-0.3473976929 0.09270229916 0.02058117663	0.000000 0.000000 0.000000
650.0000	41324.3584	14213.0835	27111.2749	0.0000	-0.0000	0.0000	0.0000	0.0000	1.142e-01	-0.3548352675 0.05999497858 0.02071536185	0.000000 0.000000 0.000000
700.0000	41241.6100	14129.7227	27111.8873	0.0000	-0.0000	0.0000	0.0000	0.0000	1.136e-01	-0.3549934341 0.02708594637 0.02074045475	0.000000 0.000000 0.000000
750.0000	41073.0638	13936.5341	27136.5297	0.0000	-0.0000	0.0000	0.0000	0.0000	1.102e-01	   -0.348794442 -0.004517986376   0.02098002232	0.000000 0.000000 0.000000
800.0000	40827.9543	13643.8835	27184.0709	0.0000	-0.0000	0.0000	0.0000	0.0000	1.076e-01	 -0.3364001895 -0.03330548928  0.02126782735	0.000000 0.000000 0.000000
850.0000	40516.6611	13279.8990	27236.7622	0.0000	-0.0000	0.0000	0.0000	0.0000	1.024e-01	 -0.3188242994 -0.05817524756   0.0216632097	0.000000 0.000000 0.000000
900.0000	40154.3524	12869.5405	27284.8119	0.0000	-0.0000	0.0000	0.0000	0.0000	9.676e-02	 -0.2969952338 -0.07767727832   0.0222355393	0.000000 0.000000 0.000000
950.0000	39759.4819	12436.4416	27323.0403	0.0000	-0.0000	0.0000	0.0000	0.0000	8.950e-02	  -0.272233858 -0.09104809049  0.02282922192	0.000000 0.000000 0.000000
1000.0000	39351.7543	12001.0771	27350.6772	0.0000	-0.0000	0.0000	0.0000	0.0000	8.209e-02	 -0.2459885807 -0.09803231938  0.02349040417	0.000000 0.000000 0.000000
1050.0000	38950.7170	11581.1700	27369.5470	0.0000	-0.0000	0.0000	0.0000	0.0000	7.396e-02	 -0.2196571403 -0.09849664979  0.02412560641	0.000000 0.000000 0.000000
1100.0000	38574.9920	11193.8115	27381.1804	0.0000	-0.0000	0.0000	0.0000	0.0000	6.618e-02	 -0.1945450922 -0.09282971048  0.02472938791	0.000000 0.000000 0.000000
1150.0000	38241.8877	10853.5138	27388.3739	0.0000	-0.0000	0.0000	0.0000	0.0000	5.859e-02	-0.1719233215 -0.0816287278 0.02526101077	0.000000 0.000000 0.000000
1200.0000	37966.2419	10572.8952	27393.3467	0.0000	-0.0000	0.0000	0.0000	0.0000	5.106e-02	 -0.1528516497 -0.06583966541  0.02569372862	0.000000 0.000000 0.000000
1250.0000	37759.4881	10362.8628	27396.6253	0.0000	-0.0000	0.0000	0.0000	0.0000	4.468e-02	 -0.1382473505 -0.04654893283  0.02601844359	0.000000 0.000000 0.000000
1300.0000	37628.7228	10230.2147	27398.5081	0.0000	-0.0000	0.0000	0.0000	0.0000	4.022e-02	 -0.1286933587 -0.02497239849  0.02622575999	0.000000 0.000000 0.000000
1350.0000	37575.8386	10176.5153	27399.3233	0.0000	-0.0000	0.0000	0.0000	0.0000	3.838e-02	  -0.1244446941 -0.002435868446   0.02630741403	0.000000 0.000000 0.000000
1400.0000	37597.8277	10198.7739	27399.0538	0.0000	-0.0000	0.0000	0.0000	0.0000	3.913e-02	-0.1253990617 0.01978084815 0.02627594002	0.000000 0.000000 0.000000
1450.0000	37687.2907	10289.4085	27397.8822	0.0000	-0.0000	0.0000	0.0000	0.0000	4.251e-02	-0.1311332534 0.04049943831 0.02613395566	0.000000 0.000000 0.000000
1500.0000	37833.4689	10437.2403	27396.2286	0.0000	-0.0000	0.0000	0.0000	0.0000	4.706e-02	-0.1409794312 0.05875871156 0.02590392255	0.000000 0.000000 0.000000
1550.0000	38023.6293	10629.1752	27394.4542	0.0000	-0.0000	0.0000	0.0000	0.0000	5.277e-02	-0.1540903244 0.07381095665 0.02559652181	0.000000 0.000000 0.000000
1600.0000	38244.0828	10852.1110	27391.9719	0.0000	-0.0000	0.0000	0.0000	0.0000	5.882e-02	-0.1695625841 0.08509352451 0.02523719466	0.000000 0.000000 0.000000
1650.0000	38480.6800	11092.8315	27387.8485	0.0000	-0.0000	0.0000	0.0000	0.0000	6.426e-02	-0.1864442431 0.09225159316 0.02484937256	0.000000 0.000000 0.000000
1700.0000	38719.2930	11337.9496	27381.3434	0.0000	-0.0000	0.0000	0.0000	0.0000	7.005e-02	-0.2037871937 0.09515935391 0.02445891282	0.000000 0.000000 0.000000
1750.0000	38946.5668	11574.1593	27372.4075	0.0000	-0.0000	0.0000	0.0000	0.0000	7.476e-02	-0.2206693535  0.0939443875  0.0240886936	0.000000 0.000000 0.000000
1800.0000	39150.6290	11789.1832	27361.4459	0.0000	-0.0000	0.0000	0.0000	0.0000	7.888e-02	-0.2362438237 0.08893890601 0.02375567433	0.000000 0.000000 0.000000
1850.0000	39321.6812	11972.5085	27349.1727	0.0000	-0.0000	0.0000	0.0000	0.0000	8.220e-02	-0.2497795477 0.08063109615 0.02347695224	0.000000 0.000000 0.000000
1900.0000	39452.5265	12115.6987	27336.8278	0.0000	-0.0000	0.0000	0.0000	0.0000	8.482e-02	-0.2607073585 0.06963604693 0.02326371881	0.000000 0.000000 0.000000
1950.0000	39538.9063	12212.7589	27326.1474	0.0000	-0.0000	0.0000	0.0000	0.0000	8.671e-02	-0.2686508983  0.0566694001 0.02312260322	0.000000 0.000000 0.000000
2000.0000	39579.3853	12260.5002	27318.8851	0.0000	-0.0000	0.0000	0.0000	0.0000	8.783e-02	-0.2734229739 0.04250662971 0.02305341221	0.000000 0.000000 0.000000
2050.0000	39574.9331	12258.7317	27316.2015	0.0000	-0.0000	0.0000	0.0000	0.0000	8.788e-02	-0.2750068518 0.02793688733 0.02305273529	0.000000 0.000000 0.000000
2100.0000	39528.3617	12210.0910	27318.2707	0.0000	-0.0000	0.0000	0.0000	0.0000	8.733e-02	-0.2735239969 0.01372991461 0.02311696095	0.000000 0.000000 0.000000
2150.0000	39443.9667	12119.6656	27324.3011	0.0000	-0.0000	0.0000	0.0000	0.0000	8.532e-02	  -0.2692128044 0.0006023839724   0.02324134304	0.000000 0.000000 0.000000
2200.0000	39327.3945	11994.4972	27332.8973	0.0000	-0.0000	0.0000	0.0000	0.0000	8.299e-02	 -0.2624229178 -0.01081971065  0.02341967994	0.000000 0.000000 0.000000
2250.0000	39185.5979	11842.9919	27342.6059	0.0000	-0.0000	0.0000	0.0000	0.0000	7.991e-02	 -0.2536136521 -0.02003627232  0.02364179183	0.000000 0.000000 0.000000
2300.0000	39026.6132	11674.2895	27352.3236	0.0000	-0.0000	0.0000	0.0000	0.0000	7.681e-02	 -0.2433368225 -0.02669967878   0.0238937942	0.000000 0.000000 0.000000
2350.0000	38859.1328	11497.7851	27361.3477	0.0000	-0.0000	0.0000	0.0000	0.0000	7.328e-02	  -0.232203574 -0.03061952104  0.02416046065	0.000000 0.000000 0.000000
2400.0000	38691.9767	11322.7027	27369.2740	0.0000	-0.0000	0.0000	0.0000	0.0000	7.000e-02	 -0.2208425731 -0.03175367641  0.02442699043	0.000000 0.000000 0.000000
2450.0000	38533.6170	11157.7229	27375.8941	0.0000	-0.0000	0.0000	0.0000	0.0000	6.609e-02	-0.2098643462 -0.0302011954 0.02467966989	0.000000 0.000000 0.000000
2500.0000	38391.7603	11010.5992	27381.1611	0.0000	-0.0000	0.0000	0.0000	0.0000	6.226e-02	 -0.1998323475 -0.02619371804  0.02490634414	0.000000 0.000000 0.000000
2550.0000	38272.9499	10887.8277	27385.1222	0.0000	-0.0000	0.0000	0.0000	0.0000	5.983e-02	 -0.1912359069 -0.02008261138  0.02509686484	0.000000 0.000000 0.000000
2600.0000	38182.1897	10794.3054	27387.8843	0.0000	-0.0000	0.0000	0.0000	0.0000	5.814e-02	 -0.1844633239 -0.01231602971   0.0252434454	0.000000 0.000000 0.000000
2650.0000	38122.6552	10733.0725	27389.5827	0.0000	-0.0000	0.0000	0.0000	0.0000	5.656e-02	  -0.1797803374 -0.003408831011   0.02534105634	0.000000 0.000000 0.000000
2700.0000	38095.5426	10705.1825	27390.3601	0.0000	-0.0000	0.0000	0.0000	0.0000	5.519e-02	 -0.1773160991 0.006091629826  0.02538759144	0.000000 0.000000 0.000000
2750.0000	38100.1057	10709.7531	27390.3525	0.0000	-0.0000	0.0000	0.0000	0.0000	5.524e-02	-0.1770631746  0.0156408596  0.0253837734	0.000000 0.000000 0.000000
2800.0000	38133.8502	10744.1802	27389.6700	0.0000	-0.0000	0.0000	0.0000	0.0000	5.645e-02	-0.1788885144  0.0247294649 0.02533310301	0.000000 0.000000 0.000000
2850.0000	38192.8317	10804.4367	27388.3950	0.0000	-0.0000	0.0000	0.0000	0.0000	5.788e-02	-0.1825519487 0.03290919336 0.02524133051	0.000000 0.000000 0.000000
2900.0000	38272.0356	10885.4706	27386.5650	0.0000	-0.0000	0.0000	0.0000	0.0000	5.962e-02	-0.1877317184 0.03981102321 0.02511601827	0.000000 0.000000 0.000000
2950.0000	38365.7696	10981.5935	27384.1761	0.0000	-0.0000	0.0000	0.0000	0.0000	6.209e-02	-0.1940524197 0.04515528539 0.02496612243	0.000000 0.000000 0.000000
3000.0000	38467.9881	11086.7824	27381.2058	0.0000	-0.0000	0.0000	0.0000	0.0000	6.447e-02	-0.2011074462  0.0487625017 0.02480150879	0.000000 0.000000 0.000000
3050.0000	38572.6462	11194.9674	27377.6788	0.0000	-0.0000	0.0000	0.0000	0.0000	6.699e-02	-0.2084813632 0.05055467879 0.02463209854	0.000000 0.000000 0.000000
3100.0000	38673.9964	11300.3030	27373.6934	0.0000	-0.0000	0.0000	0.0000	0.0000	6.929e-02	-0.2157718423 0.05055193264 0.02446744983	0.000000 0.000000 0.000000
3150.0000	38766.8543	11397.4056	27369.4488	0.0000	-0.0000	0.0000	0.0000	0.0000	7.133e-02	-0.2226065562 0.04886462474 0.02431606476	0.000000 0.000000 0.000000
3200.0000	38846.8420	11481.6213	27365.2207	0.0000	-0.0000	0.0000	0.0000	0.0000	7.335e-02	-0.2286620769 0.04568244054 0.02418506378	0.000000 0.000000 0.000000
3250.0000	38910.5579	11549.2078	27361.3500	0.0000	-0.0000	0.0000	0.0000	0.0000	7.493e-02	 -0.233675518 0.04126026273 0.02408005036	0.000000 0.000000 0.000000
3300.0000	38955.6836	11597.5029	27358.1807	0.0000	-0.0000	0.0000	0.0000	0.0000	7.576e-02	-0.2374553472 0.03590049504 0.02400460814	0.000000 0.000000 0.000000
3350.0000	38981.0081	11625.0019	27356.0062	0.0000	-0.0000	0.0000	0.0000	0.0000	7.590e-02	-0.2398844871 0.02993699528 0.02396084476	0.000000 0.000000 0.000000
3400.0000	38986.3991	11631.3892	27355.0099	0.0000	-0.0000	0.0000	0.0000	0.0000	7.617e-02	-0.2409208779 0.02371567138 0.02394891625	0.000000 0.000000 0.000000
3450.0000	38972.7152	11617.4827	27355.2325	0.0000	-0.0000	0.0000	0.0000	0.0000	7.598e-02	-0.2405937483 0.01757639018 0.02396768595	0.000000 0.000000 0.000000
3500.0000	38941.7055	11585.1379	27356.5676	0.0000	-0.0000	0.0000	0.0000	0.0000	7.527e-02	 -0.238998058 0.01183547938 0.02401448675	0.000000 0.000000 0.000000
3550.0000	38895.8776	11537.0752	27358.8024	0.0000	-0.0000	0.0000	0.0000	0.0000	7.426e-02	 -0.2362872615 0.006769959506  0.02408552773	0.000000 0.000000 0.000000
3600.0000	38838.3513	11476.6865	27361.6648	0.0000	-0.0000	0.0000	0.0000	0.0000	7.286e-02	  -0.232663472 0.002605218518  0.02417587591	0.000000 0.000000 0.000000
3650.0000	38772.6868	11407.8100	27364.8768	0.0000	-0.0000	0.0000	0.0000	0.0000	7.172e-02	   -0.2283658959 -0.0004941205396    0.02427982747	0.000000 0.000000 0.000000
3700.0000	38702.6955	11334.5139	27368.1816	0.0000	-0.0000	0.0000	0.0000	0.0000	7.034e-02	  -0.2236570885 -0.002429207013   0.02439125437	0.000000 0.000000 0.000000
3750.0000	38632.2301	11260.8618	27371.3684	0.0000	-0.0000	0.0000	0.0000	0.0000	6.881e-02	  -0.2188084531 -0.003167547454   0.02450391428	0.000000 0.000000 0.000000
3800.0000	38564.9852	11190.7077	27374.2775	0.0000	-0.0000	0.0000	0.0000	0.0000	6.726e-02	  -0.2140844856 -0.002741650408   0.02461178676	0.000000 0.000000 0.000000
3850.0000	38504.2965	11127.5048	27376.7917	0.0000	-0.0000	0.0000	0.0000	0.0000	6.576e-02	  -0.2097293994 -0.001243795969   0.02470958929	0.000000 0.000000 0.000000
3900.0000	38452.9801	11074.1368	27378.8433	0.0000	-0.0000	0.0000	0.0000	0.0000	6.439e-02	 -0.2059543305 0.001182822922  0.02479276548	0.000000 0.000000 0.000000
3950.0000	38413.1914	11032.7895	27380.4019	0.0000	-0.0000	0.0000	0.0000	0.0000	6.332e-02	 -0.2029268952 0.004353683937  0.02485783501	0.000000 0.000000 0.000000
4000.0000	38386.3386	11004.8747	27381.4640	0.0000	-0.0000	0.0000	0.0000	0.0000	6.263e-02	 -0.200764269 0.00805524045 0.02490243474	0.000000 0.000000 0.000000
4050.0000	38373.0383	10990.9937	27382.0445	0.0000	-0.0000	0.0000	0.0000	0.0000	6.224e-02	-0.1995292029 0.01205879027 0.02492552363	0.000000 0.000000 0.000000
4100.0000	38373.1316	10990.9553	27382.1763	0.0000	-0.0000	0.0000	0.0000	0.0000	6.233e-02	-0.1992296515   0.016133703 0.02492712528	0.000000 0.000000 0.000000
4150.0000	38385.7430	11003.8517	27381.8913	0.0000	-0.0000	0.0000	0.0000	0.0000	6.278e-02	-0.1998225553 0.02005999505  0.0249085749	0.000000 0.000000 0.000000
4200.0000	38409.3726	11028.1433	27381.2293	0.0000	-0.0000	0.0000	0.0000	0.0000	6.333e-02	-0.2012190085 0.02364018875 0.02487210285	0.000000 0.000000 0.000000
4250.0000	38442.0337	11061.8006	27380.2331	0.0000	-0.0000	0.0000	0.0000	0.0000	6.421e-02	-0.2032933244 0.02670723799 0.02482076401	0.000000 0.000000 0.000000
4300.0000	38481.3912	11102.4466	27378.9446	0.0000	-0.0000	0.0000	0.0000	0.0000	6.529e-02	-0.2058924361 0.02913215654 0.02475831874	0.000000 0.000000 0.000000
4350.0000	38524.9124	11147.4941	27377.4183	0.0000	-0.0000	0.0000	0.0000	0.0000	6.646e-02	 -0.208845836 0.03082791887 0.02468874257	0.000000 0.000000 0.000000
4400.0000	38570.0176	11194.2964	27375.7212	0.0000	-0.0000	0.0000	0.0000	0.0000	6.757e-02	-0.2119759882 0.03175061041 0.02461621542	0.000000 0.000000 0.000000
4450.0000	38614.2153	11240.2862	27373.9291	0.0000	-0.0000	0.0000	0.0000	0.0000	6.854e-02	-0.2151080833 0.03189985907 0.02454481433	0.000000 0.000000 0.000000
4500.0000	38655.2288	11283.0903	27372.1385	0.0000	-0.0000	0.0000	0.0000	0.0000	6.935e-02	-0.2180783478 0.03131532906 0.02447821257	0.000000 0.000000 0.000000
4550.0000	38691.0971	11320.6478	27370.4493	0.0000	-0.0000	0.0000	0.0000	0.0000	6.996e-02	-0.2207423182 0.03007236391 0.02441964319	0.000000 0.000000 0.000000
4600.0000	38720.2556	11351.2901	27368.9655	0.0000	-0.0000	0.0000	0.0000	0.0000	7.054e-02	-0.2229803566 0.02827603272 0.02437166661	0.000000 0.000000 0.000000
4650.0000	38741.5885	11373.8099	27367.7786	0.0000	-0.0000	0.0000	0.0000	0.0000	7.094e-02	-0.2247024181 0.02605376796 0.02433612345	0.000000 0.000000 0.000000
4700.0000	38754.4565	11387.4970	27366.9594	0.0000	-0.0000	0.0000	0.0000	0.0000	7.124e-02	-0.2258506813 0.02354762669 0.02431413566	0.000000 0.000000 0.000000
4750.0000	38758.6936	11392.1419	27366.5517	0.0000	-0.0000	0.0000	0.0000	0.0000	7.137e-02	-0.2264000774 0.02090600822 0.02430598263	0.000000 0.000000 0.000000
4800.0000	38754.5923	11388.0316	27366.5607	0.0000	-0.0000	0.0000	0.0000	0.0000	7.125e-02	 -0.226358153 0.01827536427 0.02431128436	0.000000 0.000000 0.000000
4850.0000	38742.8501	11375.8877	27366.9624	0.0000	-0.0000	0.0000	0.0000	0.0000	7.091e-02	-0.2257621511 0.01579318065  0.0243289852	0.000000 0.000000 0.000000
4900.0000	38724.5193	11356.8148	27367.7045	0.0000	-0.0000	0.0000	0.0000	0.0000	7.039e-02	-0.2246757488 0.01358077371 0.02435738796	0.000000 0.000000 0.000000
4950.0000	38700.9342	11332.2219	27368.7123	0.0000	-0.0000	0.0000	0.0000	0.0000	7.008e-02	 -0.223184715 0.01173798239 0.02439445303	0.000000 0.000000 0.000000
5000.0000	38673.6242	11303.7231	27369.9011	0.0000	-0.0000	0.0000	0.0000	0.0000	6.961e-02	-0.2213909106 0.01033951257 0.02443771901	0.000000 0.000000 0.000000
5050.0000	38644.2282	11273.0441	27371.1840	0.0000	-0.0000	0.0000	0.0000	0.0000	6.903e-02	 -0.2194062507 0.009432032903  0.02448455006	0.000000 0.000000 0.000000
5100.0000	38614.4028	11241.9241	27372.4788	0.0000	-0.0000	0.0000	0.0000	0.0000	6.838e-02	 -0.2173465651 0.009033696747  0.02453231648	0.000000 0.000000 0.000000
5150.0000	38585.7351	11212.0215	27373.7137	0.0000	-0.0000	0.0000	0.0000	0.0000	6.770e-02	 -0.2153249595 0.009134606115  0.02457843608	0.000000 0.000000 0.000000
5200.0000	38559.6616	11184.8316	27374.8300	0.0000	-0.0000	0.0000	0.0000	0.0000	6.705e-02	 -0.2134460551 0.009699184779  0.02462058629	0.000000 0.000000 0.000000
5250.0000	38537.3989	11161.6168	27375.7821	0.0000	-0.0000	0.0000	0.0000	0.0000	6.655e-02	-0.2118008452 0.01066953215 0.02465681893	0.000000 0.000000 0.000000
5300.0000	38519.8900	11143.3510	27376.5390	0.0000	-0.0000	0.0000	0.0000	0.0000	6.614e-02	-0.2104623945 0.01196962409 0.02468555216	0.000000 0.000000 0.000000
5350.0000	38507.7691	11130.6858	27377.0833	0.0000	-0.0000	0.0000	0.0000	0.0000	6.584e-02	-0.2094830073 0.01351075567 0.02470574303	0.000000 0.000000 0.000000
5400.0000	38501.3440	11123.9366	27377.4074	0.0000	-0.0000	0.0000	0.0000	0.0000	6.566e-02	-0.2088926459 0.01519682373  0.0247168566	0.000000 0.000000 0.000000
5450.0000	38500.6011	11123.0861	27377.5150	0.0000	-0.0000	0.0000	0.0000	0.0000	6.558e-02	-0.2086986248 0.01693001029 0.02471883819	0.000000 0.000000 0.000000
5500.0000	38505.2229	11127.8072	27377.4157	0.0000	-0.0000	0.0000	0.0000	0.0000	6.563e-02	-0.2088866591 0.01861603032 0.02471218255	0.000000 0.000000 0.000000
5550.0000	38514.6262	11137.4985	27377.1277	0.0000	-0.0000	0.0000	0.0000	0.0000	6.586e-02	-0.2094229299 0.02016905418 0.02469774547	0.000000 0.000000 0.000000
5600.0000	38528.0116	11151.3369	27376.6747	0.0000	-0.0000	0.0000	0.0000	0.0000	6.626e-02	-0.2102574593   0.021515422 0.02467679026	0.000000 0.000000 0.000000
5650.0000	38544.4188	11168.3340	27376.0848	0.0000	-0.0000	0.0000	0.0000	0.0000	6.671e-02	-0.2113275828 0.02259716289 0.02465084207	0.000000 0.000000 0.000000
5700.0000	38562.7894	11187.3978	27375.3917	0.0000	-0.0000	0.0000	0.0000	0.0000	6.717e-02	-0.2125622093 0.02337368907 0.02462156603	0.000000 0.000000 0.000000
5750.0000	38582.0295	11207.3973	27374.6322	0.0000	-0.0000	0.0000	0.0000	0.0000	6.762e-02	-0.2138862193 0.02382292959 0.02459072892	0.000000 0.000000 0.000000
5800.0000	38601.0691	11227.2216	27373.8476	0.0000	-0.0000	0.0000	0.0000	0.0000	6.805e-02	-0.2152245198 0.02394147269 0.02456005584	0.000000 0.000000 0.000000
5850.0000	38618.9175	11245.8390	27373.0785	0.0000	-0.0000	0.0000	0.0000	0.0000	6.842e-02	-0.2165060683 0.02374335034 0.02453116833	0.000000 0.000000 0.000000
5900.0000	38634.7092	11262.3424	27372.3667	0.0000	-0.0000	0.0000	0.0000	0.0000	6.872e-02	-0.2176672409  0.0232582877 0.02450544683	0.000000 0.000000 0.000000
5950.0000	38647.7403	11275.9915	27371.7488	0.0000	-0.0000	0.0000	0.0000	0.0000	6.895e-02	-0.2186546714 0.02252926666  0.0244840756	0.000000 0.000000 0.000000
6000.0000	38657.4965	11286.2406	27371.2559	0.0000	-0.0000	0.0000	0.0000	0.0000	6.909e-02	 -0.219427359 0.02160938392 0.02446789085	0.000000 0.000000 0.000000
6050.0000	38663.6647	11292.7534	27370.9113	0.0000	-0.0000	0.0000	0.0000	0.0000	6.917e-02	-0.2199579982 0.02055856294 0.02445743831	0.000000 0.000000 0.000000
6100.0000	38666.1401	11295.4122	27370.7280	0.0000	-0.0000	0.0000	0.0000	0.0000	6.923e-02	-0.2202335656 0.01943994715 0.02445290689	0.000000 0.000000 0.000000
6150.0000	38665.0145	11294.3067	27370.7077	0.0000	-0.0000	0.0000	0.0000	0.0000	6.918e-02	-0.2202551181  0.0183163083 0.02445417132	0.000000 0.000000 0.000000
6200.0000	38660.5620	11289.7196	27370.8424	0.0000	-0.0000	0.0000	0.0000	0.0000	6.910e-02	-0.2200367597  0.0172470902 0.02446082858	0.000000 0.000000 0.000000
6250.0000	38653.2156	11282.1009	27371.1146	0.0000	-0.0000	0.0000	0.0000	0.0000	6.899e-02	-0.2196044921 0.01628504054 0.02447219412	0.000000 0.000000 0.000000
6300.0000	38643.5321	11272.0333	27371.4988	0.0000	-0.0000	0.0000	0.0000	0.0000	6.882e-02	-0.2189938277 0.01547433339 0.02448740999	0.000000 0.000000 0.000000
6350.0000	38632.1577	11260.1920	27371.9658	0.0000	-0.0000	0.0000	0.0000	0.0000	6.860e-02	-0.2182475192 0.01484836248 0.02450541659	0.000000 0.000000 0.000000
6400.0000	38619.7894	11247.3062	27372.4832	0.0000	-0.0000	0.0000	0.0000	0.0000	6.836e-02	-0.2174129729 0.01442885082 0.02452512984	0.000000 0.000000 0.000000
6450.0000	38607.1353	11234.1159	27373.0193	0.0000	-0.0000	0.0000	0.0000	0.0000	6.810e-02	 -0.216539387 0.01422532239  0.0245454019	0.000000 0.000000 0.000000
6500.0000	38594.8767	11221.3333	27373.5434	0.0000	-0.0000	0.0000	0.0000	0.0000	6.784e-02	-0.2156751582 0.01423535675 0.02456513857	0.000000 0.000000 0.000000
6550.0000	38583.6340	11209.6048	27374.0292	0.0000	-0.0000	0.0000	0.0000	0.0000	6.759e-02	-0.2148652305 0.01444541173 0.02458333127	0.000000 0.000000 0.000000
6600.0000	38573.9369	11199.4828	27374.4541	0.0000	-0.0000	0.0000	0.0000	0.0000	6.737e-02	-0.2141490798 0.01483222036 0.02459911545	0.000000 0.000000 0.000000
6650.0000	38566.2023	11191.4007	27374.8015	0.0000	-0.0000	0.0000	0.0000	0.0000	6.718e-02	 -0.213558774 0.01536465611 0.02461182311	0.000000 0.000000 0.000000
6700.0000	38560.7173	11185.6580	27375.0593	0.0000	-0.0000	0.0000	0.0000	0.0000	6.704e-02	-0.2131178227 0.01600574164 0.02462094868	0.000000 0.000000 0.000000
6750.0000	38557.6335	11182.4119	27375.2216	0.0000	-0.0000	0.0000	0.0000	0.0000	6.695e-02	-0.2128403475 0.01671508146 0.02462624572	0.000000 0.000000 0.000000
6800.0000	38556.9658	11181.6794	27375.2864	0.0000	-0.0000	0.0000	0.0000	0.0000	6.691e-02	-0.2127309984 0.01745113602  0.0246276637	0.000000 0.000000 0.000000
6850.0000	38558.6000	11183.3426	27375.2573	0.0000	-0.0000	0.0000	0.0000	0.0000	6.691e-02	-0.2127851883 0.01817352438 0.02462536736	0.000000 0.000000 0.000000
6900.0000	38562.3074	11187.1658	27375.1416	0.0000	-0.0000	0.0000	0.0000	0.0000	6.696e-02	-0.2129899827 0.01884506832 0.02461971574	0.000000 0.000000 0.000000
6950.0000	38567.7645	11192.8145	27374.9500	0.0000	-0.0000	0.0000	0.0000	0.0000	6.706e-02	-0.2133253476 0.01943354087 0.02461119726	0.000000 0.000000 0.000000
7000.0000	38574.5745	11199.8781	27374.6964	0.0000	-0.0000	0.0000	0.0000	0.0000	6.724e-02	-0.2137655477 0.01991309436 0.02460044956	0.000000 0.000000 0.000000
7050.0000	38582.2949	11207.8981	27374.3968	0.0000	-0.0000	0.0000	0.0000	0.0000	6.744e-02	-0.2142809387 0.02026517154 0.02458816698	0.000000 0.000000 0.000000
7100.0000	38590.4623	11216.3940	27374.0683	0.0000	-0.0000	0.0000	0.0000	0.0000	6.763e-02	-0.2148398122 0.02047906886 0.02457510326	0.000000 0.000000 0.000000
7150.0000	38598.6189	11224.8890	27373.7298	0.0000	-0.0000	0.0000	0.0000	0.0000	6.781e-02	-0.2154100764  0.0205520298 0.02456198426	0.000000 0.000000 0.000000
7200.0000	38606.3359	11232.9368	27373.3991	0.0000	-0.0000	0.0000	0.0000	0.0000	6.797e-02	-0.2159611123 0.02048881646 0.02454951716	0.000000 0.000000 0.000000
7250.0000	38613.2344	11240.1406	27373.0938	0.0000	-0.0000	0.0000	0.0000	0.0000	6.811e-02	-0.2164651371 0.02030107518 0.02453829935	0.000000 0.000000 0.000000
7300.0000	38619.0018	11246.1732	27372.8285	0.0000	-0.0000	0.0000	0.0000	0.0000	6.821e-02	-0.2168986031 0.02000628077 0.02452886408	0.000000 0.000000 0.000000
7350.0000	38623.4039	11250.7883	27372.6157	0.0000	-0.0000	0.0000	0.0000	0.0000	6.827e-02	-0.2172430523 0.01962645206 0.02452158196	0.000000 0.000000 0.000000
7400.0000	38626.2933	11253.8294	27372.4639	0.0000	-0.0000	0.0000	0.0000	0.0000	6.833e-02	-0.2174858732 0.01918673093 0.02451671584	0.000000 0.000000 0.000000
7450.0000	38627.6100	11255.2315	27372.3785	0.0000	-0.0000	0.0000	0.0000	0.0000	6.838e-02	-0.2176205187 0.01871389512 0.02451436821	0.000000 0.000000 0.000000
7500.0000	38627.3803	11255.0201	27372.3602	0.0000	-0.0000	0.0000	0.0000	0.0000	6.840e-02	-0.2176464941 0.01823479152 0.02451450638	0.000000 0.000000 0.000000
7550.0000	38625.7099	11253.3039	27372.4061	0.0000	-0.0000	0.0000	0.0000	0.0000	6.838e-02	-0.2175690456 0.01777499069 0.02451697932	0.000000 0.000000 0.000000
7600.0000	38622.7741	11250.2645	27372.5095	0.0000	-0.0000	0.0000	0.0000	0.0000	6.834e-02	-0.2173985245 0.01735749364 0.02452150924	0.000000 0.000000 0.000000
7650.0000	38618.8029	11246.1416	27372.6613	0.0000	-0.0000	0.0000	0.0000	0.0000	6.827e-02	-0.2171495305  0.0170016764 0.02452773697	0.000000 0.000000 0.000000
7700.0000	38614.0677	11241.2176	27372.8501	0.0000	-0.0000	0.0000	0.0000	0.0000	6.818e-02	-0.2168399048 0.01672249665 0.02453523015	0.000000 0.000000 0.000000
7750.0000	38608.8632	11235.8001	27373.0631	0.0000	-0.0000	0.0000	0.0000	0.0000	6.808e-02	-0.2164896133  0.0165299667 0.02454352291	0.000000 0.000000 0.000000
7800.0000	38603.4913	11230.2039	27373.2874	0.0000	-0.0000	0.0000	0.0000	0.0000	6.797e-02	-0.2161195457 0.01642893779 0.02455212632	0.000000 0.000000 0.000000
7850.0000	38598.2445	11224.7342	27373.5103	0.0000	-0.0000	0.0000	0.0000	0.0000	6.786e-02	-0.2157503782 0.01641915393 0.02456057052	0.000000 0.000000 0.000000
7900.0000	38593.3908	11219.6708	27373.7200	0.0000	-0.0000	0.0000	0.0000	0.0000	6.775e-02	 -0.215401487 0.01649555232  0.0245684241	0.000000 0.000000 0.000000
7950.0000	38589.1619	11215.2552	27373.9067	0.0000	-0.0000	0.0000	0.0000	0.0000	6.765e-02	-0.2150900187 0.01664885998 0.02457530639	0.000000 0.000000 0.000000
8000.0000	38585.7419	11211.6799	27374.0620	0.0000	-0.0000	0.0000	0.0000	0.0000	6.757e-02	-0.2148300944 0.01686631269 0.02458091895	0.000000 0.000000 0.000000
8050.0000	38583.2616	11209.0814	27374.1802	0.0000	-0.0000	0.0000	0.0000	0.0000	6.751e-02	-0.2146322553 0.01713254612 0.02458503862	0.000000 0.000000 0.000000
8100.0000	38581.7940	11207.5365	27374.2574	0.0000	-0.0000	0.0000	0.0000	0.0000	6.746e-02	 -0.214503137 0.01743056656 0.02458754374	0.000000 0.000000 0.000000
8150.0000	38581.3544	11207.0617	27374.2927	0.0000	-0.0000	0.0000	0.0000	0.0000	6.744e-02	-0.2144453362 0.01774275538 0.02458839761	0.000000 0.000000 0.000000
8200.0000	38581.9028	11207.6163	27374.2865	0.0000	-0.0000	0.0000	0.0000	0.0000	6.744e-02	-0.2144575277 0.01805181059 0.02458766068	0.000000 0.000000 0.000000
8250.0000	38583.3499	11209.1079	27374.2420	0.0000	-0.0000	0.0000	0.0000	0.0000	6.746e-02	-0.2145347851 0.01834167267 0.02458546689	0.000000 0.000000 0.000000
8300.0000	38585.5640	11211.4003	27374.1637	0.0000	-0.0000	0.0000	0.0000	0.0000	6.749e-02	-0.2146690508 0.01859826785 0.02458202046	0.000000 0.000000 0.000000
8350.0000	38588.3815	11214.3239	27374.0576	0.0000	-0.0000	0.0000	0.0000	0.0000	6.755e-02	-0.2148497634 0.01881012673 0.02457757949	0.000000 0.000000 0.000000
8400.0000	38591.6170	11217.6864	27373.9306	0.0000	-0.0000	0.0000	0.0000	0.0000	6.761e-02	-0.2150645705  0.0189688529 0.02457244104	0.000000 0.000000 0.000000
8450.0000	38595.0746	11221.2837	27373.7908	0.0000	-0.0000	0.0000	0.0000	0.0000	6.768e-02	-0.2153000792 0.01906933683 0.02456691552	0.000000 0.000000 0.000000
8500.0000	38598.5584	11224.9124	27373.6460	0.0000	-0.0000	0.0000	0.0000	0.0000	6.775e-02	-0.2155426432 0.01910986164 0.02456132012	0.000000 0.000000 0.000000
8550.0000	38601.8838	11228.3797	27373.5041	0.0000	-0.0000	0.0000	0.0000	0.0000	6.782e-02	-0.2157790698 0.01909196433 0.02455595186	0.000000 0.000000 0.000000
8600.0000	38604.8853	11231.5129	27373.3724	0.0000	-0.0000	0.0000	0.0000	0.0000	6.789e-02	-0.2159973176 0.01902014999 0.02455108108	0.000000 0.000000 0.000000
8650.0000	38607.4250	11234.1676	27373.2574	0.0000	-0.0000	0.0000	0.0000	0.0000	6.795e-02	-0.2161870199 0.01890148539 0.02454693078	0.000000 0.000000 0.000000
8700.0000	38609.3976	11236.2335	27373.1641	0.0000	-0.0000	0.0000	0.0000	0.0000	6.800e-02	-0.2163399645 0.01874507193  0.0245436769	0.000000 0.000000 0.000000
8750.0000	38610.7340	11237.6377	27373.0963	0.0000	-0.0000	0.0000	0.0000	0.0000	6.804e-02	-0.2164503539 0.01856144041 0.02454143643	0.000000 0.000000 0.000000
8800.0000	38611.4027	11238.3466	27373.0561	0.0000	-0.0000	0.0000	0.0000	0.0000	6.806e-02	-0.2165149841 0.01836190097 0.02454026285	0.000000 0.000000 0.000000
8850.0000	38611.4093	11238.3652	27373.0442	0.0000	-0.0000	0.0000	0.0000	0.0000	6.807e-02	-0.2165332529 0.01815791722  0.0245401562	0.000000 0.000000 0.000000
8900.0000	38610.7938	11237.7346	27373.0593	0.0000	-0.0000	0.0000	0.0000	0.0000	6.807e-02	 -0.216507027 0.01796048532 0.02454105357	0.000000 0.000000 0.000000
8950.0000	38609.6263	11236.5273	27373.0990	0.0000	-0.0000	0.0000	0.0000	0.0000	6.805e-02	-0.2164403969 0.01777958577  0.0245428489	0.000000 0.000000 0.000000
9000.0000	38608.0017	11234.8420	27373.1598	0.0000	-0.0000	0.0000	0.0000	0.0000	6.802e-02	-0.2163393179  0.0176237278 0.02454539136	0.000000 0.000000 0.000000
9050.0000	38606.0333	11232.7963	27373.2369	0.0000	-0.0000	0.0000	0.0000	0.0000	6.798e-02	-0.2162112064  0.0174995751 0.02454850359	0.000000 0.000000 0.000000
9100.0000	38603.8452	11230.5199	27373.3254	0.0000	-0.0000	0.0000	0.0000	0.0000	6.794e-02	-0.2160644434 0.01741173083 0.02455198717	0.000000 0.000000 0.000000
9150.0000	38601.5660	11228.1463	27373.4197	0.0000	-0.0000	0.0000	0.0000	0.0000	6.789e-02	-0.2159078849 0.01736259559 0.02455563535	0.000000 0.000000 0.000000
9200.0000	38599.3211	11225.8065	27373.5146	0.0000	-0.0000	0.0000	0.0000	0.0000	6.785e-02	-0.2157503648 0.01735239649 0.02455924755	0.000000 0.000000 0.000000
9250.0000	38597.2263	11223.6214	27373.6049	0.0000	-0.0000	0.0000	0.0000	0.0000	6.780e-02	-0.2156002284 0.01737929156 0.02456263466	0.000000 0.000000 0.000000
9300.0000	38595.3827	11221.6965	27373.6863	0.0000	-0.0000	0.0000	0.0000	0.0000	6.776e-02	-0.2154649281 0.01743959983 0.02456563252	0.000000 0.000000 0.000000
9350.0000	38593.8720	11220.1170	27373.7550	0.0000	-0.0000	0.0000	0.0000	0.0000	6.772e-02	-0.2153506702 0.01752811693 0.02456809325	0.000000 0.000000 0.000000
9400.0000	38592.7534	11218.9448	27373.8086	0.0000	-0.0000	0.0000	0.0000	0.0000	6.769e-02	 -0.215262151 0.01763851771 0.02456997912	0.000000 0.000000 0.000000
9450.0000	38592.0617	11218.2174	27373.8443	0.0000	-0.0000	0.0000	0.0000	0.0000	6.767e-02	-0.2152025791 0.01776352165 0.02457113939	0.000000 0.000000 0.000000
9500.0000	38591.8072	11217.9447	27373.8624	0.0000	-0.0000	0.0000	0.0000	0.0000	6.766e-02	-0.2151732303 0.01789568159 0.02457159042	0.000000 0.000000 0.000000
9550.0000	38591.9763	11218.1139	27373.8624	0.0000	-0.0000	0.0000	0.0000	0.0000	6.766e-02	-0.2151737683 0.01802771473 0.02457141215	0.000000 0.000000 0.000000
9600.0000	38592.5347	11218.6888	27373.8459	0.0000	-0.0000	0.0000	0.0000	0.0000	6.767e-02	-0.2152023958 0.01815265716 0.02457054968	0.000000 0.000000 0.000000
9650.0000	38593.4287	11219.6143	27373.8143	0.0000	-0.0000	0.0000	0.0000	0.0000	6.768e-02	 -0.215255866 0.01826430283 0.02456917528	0.000000 0.000000 0.000000
9700.0000	38594.5910	11220.8204	27373.7706	0.0000	-0.0000	0.0000	0.0000	0.0000	6.770e-02	-0.2153298503 0.01835767253   0.024567341	0.000000 0.000000 0.000000
9750.0000	38595.9439	11222.2264	27373.7175	0.0000	-0.0000	0.0000	0.0000	0.0000	6.773e-02	-0.2154192099 0.01842890213 0.02456519622	0.000000 0.000000 0.000000
9800.0000	38597.4046	11223.7462	27373.6584	0.0000	-0.0000	0.0000	0.0000	0.0000	6.776e-02	-0.2155182945 0.01847564549 0.02456286581	0.000000 0.000000 0.000000
9850.0000	38598.8896	11225.2929	27373.5967	0.0000	-0.0000	0.0000	0.0000	0.0000	6.779e-02	 -0.215621304 0.01849691921 0.02456048075	0.000000 0.000000 0.000000
9900.0000	38600.3193	11226.7835	27373.5359	0.0000	-0.0000	0.0000	0.0000	0.0000	6.782e-02	-0.2157225806 0.01849316109 0.02455817657	0.000000 0.000000 0.000000
9950.0000	38601.6220	11228.1431	27373.4789	0.0000	-0.0000	0.0000	0.0000	0.0000	6.785e-02	-0.2158169151 0.01846610691 0.02455608326	0.000000 0.000000 0.000000
10000.0000	38602.7368	11229.3082	27373.4286	0.0000	-0.0000	0.0000	0.0000	0.0000	6.787e-02	-0.2158997946 0.01841857136 0.02455423342	0.000000 0.000000 0.000000
# Maximum simulation time reached after 10000.000 picoseconds.
# Simulation ended Wed Dec 24 11:26:03 2025
